2020-08-13T15:57:20.487Z [grades-control-api] info: API started!
2020-08-13T15:57:20.493Z [grades-control-api] info: POST /grade - {"id":1,"student":"John Petrucci","subject":"01 - JavaScript","type":"Exercícios","value":7,"timestamp":"2020-08-13T15:57:20.492Z"}
2020-08-13T15:57:20.495Z [grades-control-api] info: POST /grade - {"id":2,"student":"John Petrucci","subject":"02 - Node","type":"Exercícios","value":4,"timestamp":"2020-08-13T15:57:20.494Z"}
2020-08-13T15:57:20.498Z [grades-control-api] info: POST /grade - {"id":3,"student":"John Petrucci","subject":"03 - React","type":"Exercícios","value":9,"timestamp":"2020-08-13T15:57:20.497Z"}
2020-08-13T15:57:20.500Z [grades-control-api] info: POST /grade - {"id":4,"student":"John Petrucci","subject":"01 - JavaScript","type":"Trabalho Prático","value":24,"timestamp":"2020-08-13T15:57:20.499Z"}
2020-08-13T15:57:20.502Z [grades-control-api] info: POST /grade - {"id":5,"student":"John Petrucci","subject":"02 - Node","type":"Trabalho Prático","value":19,"timestamp":"2020-08-13T15:57:20.501Z"}
2020-08-13T15:57:20.505Z [grades-control-api] info: POST /grade - {"id":6,"student":"John Petrucci","subject":"03 - React","type":"Trabalho Prático","value":4,"timestamp":"2020-08-13T15:57:20.504Z"}
2020-08-13T15:57:20.508Z [grades-control-api] info: POST /grade - {"id":7,"student":"John Petrucci","subject":"01 - JavaScript","type":"Desafio","value":10,"timestamp":"2020-08-13T15:57:20.507Z"}
2020-08-13T15:57:20.510Z [grades-control-api] info: POST /grade - {"id":8,"student":"John Petrucci","subject":"02 - Node","type":"Desafio","value":5,"timestamp":"2020-08-13T15:57:20.509Z"}
2020-08-13T15:57:20.517Z [grades-control-api] info: POST /grade - {"id":9,"student":"John Petrucci","subject":"03 - React","type":"Desafio","value":50,"timestamp":"2020-08-13T15:57:20.516Z"}
2020-08-13T15:57:20.519Z [grades-control-api] info: POST /grade - {"id":10,"student":"Mike Portnoy","subject":"01 - JavaScript","type":"Exercícios","value":9,"timestamp":"2020-08-13T15:57:20.519Z"}
2020-08-13T15:57:20.522Z [grades-control-api] info: POST /grade - {"id":11,"student":"Mike Portnoy","subject":"02 - Node","type":"Exercícios","value":1,"timestamp":"2020-08-13T15:57:20.521Z"}
2020-08-13T15:57:20.524Z [grades-control-api] info: POST /grade - {"id":12,"student":"Mike Portnoy","subject":"03 - React","type":"Exercícios","value":7,"timestamp":"2020-08-13T15:57:20.523Z"}
2020-08-13T15:57:20.527Z [grades-control-api] info: POST /grade - {"id":13,"student":"Mike Portnoy","subject":"01 - JavaScript","type":"Trabalho Prático","value":39,"timestamp":"2020-08-13T15:57:20.526Z"}
2020-08-13T15:57:20.530Z [grades-control-api] info: POST /grade - {"id":14,"student":"Mike Portnoy","subject":"02 - Node","type":"Trabalho Prático","value":15,"timestamp":"2020-08-13T15:57:20.529Z"}
2020-08-13T15:57:20.533Z [grades-control-api] info: POST /grade - {"id":15,"student":"Mike Portnoy","subject":"03 - React","type":"Trabalho Prático","value":39,"timestamp":"2020-08-13T15:57:20.532Z"}
2020-08-13T15:57:20.536Z [grades-control-api] info: POST /grade - {"id":16,"student":"Mike Portnoy","subject":"01 - JavaScript","type":"Desafio","value":14,"timestamp":"2020-08-13T15:57:20.535Z"}
2020-08-13T15:57:20.538Z [grades-control-api] info: POST /grade - {"id":17,"student":"Mike Portnoy","subject":"02 - Node","type":"Desafio","value":2,"timestamp":"2020-08-13T15:57:20.537Z"}
2020-08-13T15:57:20.540Z [grades-control-api] info: POST /grade - {"id":18,"student":"Mike Portnoy","subject":"03 - React","type":"Desafio","value":43,"timestamp":"2020-08-13T15:57:20.539Z"}
2020-08-13T15:57:20.542Z [grades-control-api] info: POST /grade - {"id":19,"student":"Neal Morse","subject":"01 - JavaScript","type":"Exercícios","value":2,"timestamp":"2020-08-13T15:57:20.541Z"}
2020-08-13T15:57:20.544Z [grades-control-api] info: POST /grade - {"id":20,"student":"Neal Morse","subject":"02 - Node","type":"Exercícios","value":4,"timestamp":"2020-08-13T15:57:20.543Z"}
2020-08-13T15:57:20.547Z [grades-control-api] info: POST /grade - {"id":21,"student":"Neal Morse","subject":"03 - React","type":"Exercícios","value":10,"timestamp":"2020-08-13T15:57:20.545Z"}
2020-08-13T15:57:20.548Z [grades-control-api] info: POST /grade - {"id":22,"student":"Neal Morse","subject":"01 - JavaScript","type":"Trabalho Prático","value":28,"timestamp":"2020-08-13T15:57:20.548Z"}
2020-08-13T15:57:20.550Z [grades-control-api] info: POST /grade - {"id":23,"student":"Neal Morse","subject":"02 - Node","type":"Trabalho Prático","value":11,"timestamp":"2020-08-13T15:57:20.550Z"}
2020-08-13T15:57:20.552Z [grades-control-api] info: POST /grade - {"id":24,"student":"Neal Morse","subject":"03 - React","type":"Trabalho Prático","value":30,"timestamp":"2020-08-13T15:57:20.552Z"}
2020-08-13T15:57:20.554Z [grades-control-api] info: POST /grade - {"id":25,"student":"Neal Morse","subject":"01 - JavaScript","type":"Desafio","value":50,"timestamp":"2020-08-13T15:57:20.554Z"}
2020-08-13T15:57:20.557Z [grades-control-api] info: POST /grade - {"id":26,"student":"Neal Morse","subject":"02 - Node","type":"Desafio","value":2,"timestamp":"2020-08-13T15:57:20.556Z"}
2020-08-13T15:57:20.559Z [grades-control-api] info: POST /grade - {"id":27,"student":"Neal Morse","subject":"03 - React","type":"Desafio","value":18,"timestamp":"2020-08-13T15:57:20.558Z"}
